2024-11-22 13:22:20,501 [main] DEBUG Horse - Создание Horse, имя [Horse0], скорость [1.0]
2024-11-22 13:22:20,505 [main] DEBUG Horse - Создание Horse, имя [Horse1], скорость [1.0]
2024-11-22 13:22:20,505 [main] DEBUG Horse - Создание Horse, имя [Horse2], скорость [1.0]
2024-11-22 13:22:20,505 [main] DEBUG Horse - Создание Horse, имя [Horse3], скорость [1.0]
2024-11-22 13:22:20,505 [main] DEBUG Horse - Создание Horse, имя [Horse4], скорость [1.0]
2024-11-22 13:22:20,505 [main] DEBUG Horse - Создание Horse, имя [Horse5], скорость [1.0]
2024-11-22 13:22:20,505 [main] DEBUG Horse - Создание Horse, имя [Horse6], скорость [1.0]
2024-11-22 13:22:20,505 [main] DEBUG Horse - Создание Horse, имя [Horse7], скорость [1.0]
2024-11-22 13:22:20,506 [main] DEBUG Horse - Создание Horse, имя [Horse8], скорость [1.0]
2024-11-22 13:22:20,506 [main] DEBUG Horse - Создание Horse, имя [Horse9], скорость [1.0]
2024-11-22 13:22:20,506 [main] DEBUG Horse - Создание Horse, имя [Horse10], скорость [1.0]
2024-11-22 13:22:20,506 [main] DEBUG Horse - Создание Horse, имя [Horse11], скорость [1.0]
2024-11-22 13:22:20,506 [main] DEBUG Horse - Создание Horse, имя [Horse12], скорость [1.0]
2024-11-22 13:22:20,506 [main] DEBUG Horse - Создание Horse, имя [Horse13], скорость [1.0]
2024-11-22 13:22:20,506 [main] DEBUG Horse - Создание Horse, имя [Horse14], скорость [1.0]
2024-11-22 13:22:20,506 [main] DEBUG Horse - Создание Horse, имя [Horse15], скорость [1.0]
2024-11-22 13:22:20,506 [main] DEBUG Horse - Создание Horse, имя [Horse16], скорость [1.0]
2024-11-22 13:22:20,506 [main] DEBUG Horse - Создание Horse, имя [Horse17], скорость [1.0]
2024-11-22 13:22:20,506 [main] DEBUG Horse - Создание Horse, имя [Horse18], скорость [1.0]
2024-11-22 13:22:20,506 [main] DEBUG Horse - Создание Horse, имя [Horse19], скорость [1.0]
2024-11-22 13:22:20,506 [main] DEBUG Horse - Создание Horse, имя [Horse20], скорость [1.0]
2024-11-22 13:22:20,506 [main] DEBUG Horse - Создание Horse, имя [Horse21], скорость [1.0]
2024-11-22 13:22:20,506 [main] DEBUG Horse - Создание Horse, имя [Horse22], скорость [1.0]
2024-11-22 13:22:20,507 [main] DEBUG Horse - Создание Horse, имя [Horse23], скорость [1.0]
2024-11-22 13:22:20,507 [main] DEBUG Horse - Создание Horse, имя [Horse24], скорость [1.0]
2024-11-22 13:22:20,507 [main] DEBUG Horse - Создание Horse, имя [Horse25], скорость [1.0]
2024-11-22 13:22:20,507 [main] DEBUG Horse - Создание Horse, имя [Horse26], скорость [1.0]
2024-11-22 13:22:20,507 [main] DEBUG Horse - Создание Horse, имя [Horse27], скорость [1.0]
2024-11-22 13:22:20,507 [main] DEBUG Horse - Создание Horse, имя [Horse28], скорость [1.0]
2024-11-22 13:22:20,507 [main] DEBUG Horse - Создание Horse, имя [Horse29], скорость [1.0]
2024-11-22 13:22:20,507 [main] DEBUG Hippodrome - Создание Hippodrome, лошадей [30]
2024-11-22 13:22:20,518 [main] DEBUG Horse - Создание Horse, имя [Horse1], скорость [1.0]
2024-11-22 13:22:20,518 [main] DEBUG Horse - Создание Horse, имя [Horse2], скорость [1.0]
2024-11-22 13:22:20,518 [main] DEBUG Horse - Создание Horse, имя [Horse3], скорость [1.0]
2024-11-22 13:22:20,518 [main] DEBUG Hippodrome - Создание Hippodrome, лошадей [3]
2024-11-22 13:22:20,521 [main] ERROR Hippodrome - Horses list is empty
2024-11-22 13:22:20,523 [main] ERROR Hippodrome - Horses list is null
2024-11-22 13:22:21,229 [main] DEBUG Hippodrome - Создание Hippodrome, лошадей [50]
2024-11-22 13:22:22,082 [main] DEBUG Horse - Создание Horse, имя [TestName], скорость [5.0]
2024-11-22 13:22:22,096 [main] ERROR Horse - Distance is negative
2024-11-22 13:22:22,098 [main] ERROR Horse - Name is null
2024-11-22 13:22:22,099 [main] DEBUG Horse - Создание Horse, имя [TestName], скорость [1.0]
2024-11-22 13:22:22,789 [main] DEBUG Horse - Создание Horse, имя [TestName], скорость [2.0]
2024-11-22 13:22:22,795 [main] DEBUG Horse - Создание Horse, имя [TestName], скорость [5.0]
2024-11-22 13:22:22,799 [main] ERROR Horse - Speed is negative
2024-11-22 13:22:22,874 [main] ERROR Horse - Name is blank
2024-11-22 13:22:22,881 [main] ERROR Horse - Name is blank
2024-11-22 13:22:22,884 [main] ERROR Horse - Name is blank
2024-11-22 13:22:22,887 [main] ERROR Horse - Name is blank
2024-11-22 13:26:36,588 [main] DEBUG Horse - Создание Horse, имя [Horse0], скорость [1.0]
2024-11-22 13:26:36,590 [main] DEBUG Horse - Создание Horse, имя [Horse1], скорость [1.0]
2024-11-22 13:26:36,590 [main] DEBUG Horse - Создание Horse, имя [Horse2], скорость [1.0]
2024-11-22 13:26:36,590 [main] DEBUG Horse - Создание Horse, имя [Horse3], скорость [1.0]
2024-11-22 13:26:36,590 [main] DEBUG Horse - Создание Horse, имя [Horse4], скорость [1.0]
2024-11-22 13:26:36,591 [main] DEBUG Horse - Создание Horse, имя [Horse5], скорость [1.0]
2024-11-22 13:26:36,591 [main] DEBUG Horse - Создание Horse, имя [Horse6], скорость [1.0]
2024-11-22 13:26:36,591 [main] DEBUG Horse - Создание Horse, имя [Horse7], скорость [1.0]
2024-11-22 13:26:36,591 [main] DEBUG Horse - Создание Horse, имя [Horse8], скорость [1.0]
2024-11-22 13:26:36,591 [main] DEBUG Horse - Создание Horse, имя [Horse9], скорость [1.0]
2024-11-22 13:26:36,591 [main] DEBUG Horse - Создание Horse, имя [Horse10], скорость [1.0]
2024-11-22 13:26:36,591 [main] DEBUG Horse - Создание Horse, имя [Horse11], скорость [1.0]
2024-11-22 13:26:36,591 [main] DEBUG Horse - Создание Horse, имя [Horse12], скорость [1.0]
2024-11-22 13:26:36,591 [main] DEBUG Horse - Создание Horse, имя [Horse13], скорость [1.0]
2024-11-22 13:26:36,591 [main] DEBUG Horse - Создание Horse, имя [Horse14], скорость [1.0]
2024-11-22 13:26:36,591 [main] DEBUG Horse - Создание Horse, имя [Horse15], скорость [1.0]
2024-11-22 13:26:36,591 [main] DEBUG Horse - Создание Horse, имя [Horse16], скорость [1.0]
2024-11-22 13:26:36,591 [main] DEBUG Horse - Создание Horse, имя [Horse17], скорость [1.0]
2024-11-22 13:26:36,592 [main] DEBUG Horse - Создание Horse, имя [Horse18], скорость [1.0]
2024-11-22 13:26:36,592 [main] DEBUG Horse - Создание Horse, имя [Horse19], скорость [1.0]
2024-11-22 13:26:36,592 [main] DEBUG Horse - Создание Horse, имя [Horse20], скорость [1.0]
2024-11-22 13:26:36,592 [main] DEBUG Horse - Создание Horse, имя [Horse21], скорость [1.0]
2024-11-22 13:26:36,592 [main] DEBUG Horse - Создание Horse, имя [Horse22], скорость [1.0]
2024-11-22 13:26:36,592 [main] DEBUG Horse - Создание Horse, имя [Horse23], скорость [1.0]
2024-11-22 13:26:36,592 [main] DEBUG Horse - Создание Horse, имя [Horse24], скорость [1.0]
2024-11-22 13:26:36,592 [main] DEBUG Horse - Создание Horse, имя [Horse25], скорость [1.0]
2024-11-22 13:26:36,592 [main] DEBUG Horse - Создание Horse, имя [Horse26], скорость [1.0]
2024-11-22 13:26:36,592 [main] DEBUG Horse - Создание Horse, имя [Horse27], скорость [1.0]
2024-11-22 13:26:36,592 [main] DEBUG Horse - Создание Horse, имя [Horse28], скорость [1.0]
2024-11-22 13:26:36,592 [main] DEBUG Horse - Создание Horse, имя [Horse29], скорость [1.0]
2024-11-22 13:26:36,593 [main] DEBUG Hippodrome - Создание Hippodrome, лошадей [30]
2024-11-22 13:26:36,606 [main] DEBUG Horse - Создание Horse, имя [Horse1], скорость [1.0]
2024-11-22 13:26:36,606 [main] DEBUG Horse - Создание Horse, имя [Horse2], скорость [1.0]
2024-11-22 13:26:36,606 [main] DEBUG Horse - Создание Horse, имя [Horse3], скорость [1.0]
2024-11-22 13:26:36,606 [main] DEBUG Hippodrome - Создание Hippodrome, лошадей [3]
2024-11-22 13:26:36,610 [main] ERROR Hippodrome - Horses list is empty
2024-11-22 13:26:36,613 [main] ERROR Hippodrome - Horses list is null
2024-11-22 13:28:37,279 [main] DEBUG Horse - Создание Horse, имя [Horse0], скорость [1.0]
2024-11-22 13:28:37,282 [main] DEBUG Horse - Создание Horse, имя [Horse1], скорость [1.0]
2024-11-22 13:28:37,282 [main] DEBUG Horse - Создание Horse, имя [Horse2], скорость [1.0]
2024-11-22 13:28:37,282 [main] DEBUG Horse - Создание Horse, имя [Horse3], скорость [1.0]
2024-11-22 13:28:37,283 [main] DEBUG Horse - Создание Horse, имя [Horse4], скорость [1.0]
2024-11-22 13:28:37,283 [main] DEBUG Horse - Создание Horse, имя [Horse5], скорость [1.0]
2024-11-22 13:28:37,283 [main] DEBUG Horse - Создание Horse, имя [Horse6], скорость [1.0]
2024-11-22 13:28:37,283 [main] DEBUG Horse - Создание Horse, имя [Horse7], скорость [1.0]
2024-11-22 13:28:37,283 [main] DEBUG Horse - Создание Horse, имя [Horse8], скорость [1.0]
2024-11-22 13:28:37,283 [main] DEBUG Horse - Создание Horse, имя [Horse9], скорость [1.0]
2024-11-22 13:28:37,283 [main] DEBUG Horse - Создание Horse, имя [Horse10], скорость [1.0]
2024-11-22 13:28:37,284 [main] DEBUG Horse - Создание Horse, имя [Horse11], скорость [1.0]
2024-11-22 13:28:37,284 [main] DEBUG Horse - Создание Horse, имя [Horse12], скорость [1.0]
2024-11-22 13:28:37,284 [main] DEBUG Horse - Создание Horse, имя [Horse13], скорость [1.0]
2024-11-22 13:28:37,284 [main] DEBUG Horse - Создание Horse, имя [Horse14], скорость [1.0]
2024-11-22 13:28:37,284 [main] DEBUG Horse - Создание Horse, имя [Horse15], скорость [1.0]
2024-11-22 13:28:37,284 [main] DEBUG Horse - Создание Horse, имя [Horse16], скорость [1.0]
2024-11-22 13:28:37,284 [main] DEBUG Horse - Создание Horse, имя [Horse17], скорость [1.0]
2024-11-22 13:28:37,284 [main] DEBUG Horse - Создание Horse, имя [Horse18], скорость [1.0]
2024-11-22 13:28:37,284 [main] DEBUG Horse - Создание Horse, имя [Horse19], скорость [1.0]
2024-11-22 13:28:37,284 [main] DEBUG Horse - Создание Horse, имя [Horse20], скорость [1.0]
2024-11-22 13:28:37,285 [main] DEBUG Horse - Создание Horse, имя [Horse21], скорость [1.0]
2024-11-22 13:28:37,285 [main] DEBUG Horse - Создание Horse, имя [Horse22], скорость [1.0]
2024-11-22 13:28:37,285 [main] DEBUG Horse - Создание Horse, имя [Horse23], скорость [1.0]
2024-11-22 13:28:37,285 [main] DEBUG Horse - Создание Horse, имя [Horse24], скорость [1.0]
2024-11-22 13:28:37,285 [main] DEBUG Horse - Создание Horse, имя [Horse25], скорость [1.0]
2024-11-22 13:28:37,285 [main] DEBUG Horse - Создание Horse, имя [Horse26], скорость [1.0]
2024-11-22 13:28:37,285 [main] DEBUG Horse - Создание Horse, имя [Horse27], скорость [1.0]
2024-11-22 13:28:37,285 [main] DEBUG Horse - Создание Horse, имя [Horse28], скорость [1.0]
2024-11-22 13:28:37,285 [main] DEBUG Horse - Создание Horse, имя [Horse29], скорость [1.0]
2024-11-22 13:28:37,286 [main] DEBUG Hippodrome - Создание Hippodrome, лошадей [30]
2024-11-22 13:28:37,303 [main] DEBUG Horse - Создание Horse, имя [Horse1], скорость [1.0]
2024-11-22 13:28:37,304 [main] DEBUG Horse - Создание Horse, имя [Horse2], скорость [1.0]
2024-11-22 13:28:37,304 [main] DEBUG Horse - Создание Horse, имя [Horse3], скорость [1.0]
2024-11-22 13:28:37,304 [main] DEBUG Hippodrome - Создание Hippodrome, лошадей [3]
2024-11-22 13:28:37,311 [main] ERROR Hippodrome - Horses list is empty
2024-11-22 13:28:37,315 [main] ERROR Hippodrome - Horses list is null
2024-11-22 13:28:38,095 [main] DEBUG Hippodrome - Создание Hippodrome, лошадей [50]
2024-11-22 13:29:01,517 [main] DEBUG Horse - Создание Horse, имя [TestName], скорость [5.0]
2024-11-22 13:29:01,536 [main] ERROR Horse - Distance is negative
2024-11-22 13:29:01,539 [main] ERROR Horse - Name is null
2024-11-22 13:29:01,542 [main] DEBUG Horse - Создание Horse, имя [TestName], скорость [1.0]
2024-11-22 13:29:02,272 [main] DEBUG Horse - Создание Horse, имя [TestName], скорость [2.0]
2024-11-22 13:29:02,276 [main] DEBUG Horse - Создание Horse, имя [TestName], скорость [5.0]
2024-11-22 13:29:02,278 [main] ERROR Horse - Speed is negative
2024-11-22 13:29:02,339 [main] ERROR Horse - Name is blank
2024-11-22 13:29:02,347 [main] ERROR Horse - Name is blank
2024-11-22 13:29:02,349 [main] ERROR Horse - Name is blank
2024-11-22 13:29:02,352 [main] ERROR Horse - Name is blank
2024-11-22 13:29:18,774 [main] DEBUG Horse - Создание Horse, имя [Horse0], скорость [1.0]
2024-11-22 13:29:18,776 [main] DEBUG Horse - Создание Horse, имя [Horse1], скорость [1.0]
2024-11-22 13:29:18,776 [main] DEBUG Horse - Создание Horse, имя [Horse2], скорость [1.0]
2024-11-22 13:29:18,776 [main] DEBUG Horse - Создание Horse, имя [Horse3], скорость [1.0]
2024-11-22 13:29:18,776 [main] DEBUG Horse - Создание Horse, имя [Horse4], скорость [1.0]
2024-11-22 13:29:18,776 [main] DEBUG Horse - Создание Horse, имя [Horse5], скорость [1.0]
2024-11-22 13:29:18,776 [main] DEBUG Horse - Создание Horse, имя [Horse6], скорость [1.0]
2024-11-22 13:29:18,776 [main] DEBUG Horse - Создание Horse, имя [Horse7], скорость [1.0]
2024-11-22 13:29:18,776 [main] DEBUG Horse - Создание Horse, имя [Horse8], скорость [1.0]
2024-11-22 13:29:18,776 [main] DEBUG Horse - Создание Horse, имя [Horse9], скорость [1.0]
2024-11-22 13:29:18,776 [main] DEBUG Horse - Создание Horse, имя [Horse10], скорость [1.0]
2024-11-22 13:29:18,777 [main] DEBUG Horse - Создание Horse, имя [Horse11], скорость [1.0]
2024-11-22 13:29:18,777 [main] DEBUG Horse - Создание Horse, имя [Horse12], скорость [1.0]
2024-11-22 13:29:18,777 [main] DEBUG Horse - Создание Horse, имя [Horse13], скорость [1.0]
2024-11-22 13:29:18,777 [main] DEBUG Horse - Создание Horse, имя [Horse14], скорость [1.0]
2024-11-22 13:29:18,777 [main] DEBUG Horse - Создание Horse, имя [Horse15], скорость [1.0]
2024-11-22 13:29:18,777 [main] DEBUG Horse - Создание Horse, имя [Horse16], скорость [1.0]
2024-11-22 13:29:18,777 [main] DEBUG Horse - Создание Horse, имя [Horse17], скорость [1.0]
2024-11-22 13:29:18,777 [main] DEBUG Horse - Создание Horse, имя [Horse18], скорость [1.0]
2024-11-22 13:29:18,777 [main] DEBUG Horse - Создание Horse, имя [Horse19], скорость [1.0]
2024-11-22 13:29:18,777 [main] DEBUG Horse - Создание Horse, имя [Horse20], скорость [1.0]
2024-11-22 13:29:18,777 [main] DEBUG Horse - Создание Horse, имя [Horse21], скорость [1.0]
2024-11-22 13:29:18,777 [main] DEBUG Horse - Создание Horse, имя [Horse22], скорость [1.0]
2024-11-22 13:29:18,777 [main] DEBUG Horse - Создание Horse, имя [Horse23], скорость [1.0]
2024-11-22 13:29:18,777 [main] DEBUG Horse - Создание Horse, имя [Horse24], скорость [1.0]
2024-11-22 13:29:18,777 [main] DEBUG Horse - Создание Horse, имя [Horse25], скорость [1.0]
2024-11-22 13:29:18,778 [main] DEBUG Horse - Создание Horse, имя [Horse26], скорость [1.0]
2024-11-22 13:29:18,778 [main] DEBUG Horse - Создание Horse, имя [Horse27], скорость [1.0]
2024-11-22 13:29:18,778 [main] DEBUG Horse - Создание Horse, имя [Horse28], скорость [1.0]
2024-11-22 13:29:18,778 [main] DEBUG Horse - Создание Horse, имя [Horse29], скорость [1.0]
2024-11-22 13:29:18,778 [main] DEBUG Hippodrome - Создание Hippodrome, лошадей [30]
2024-11-22 13:29:18,789 [main] DEBUG Horse - Создание Horse, имя [Horse1], скорость [1.0]
2024-11-22 13:29:18,789 [main] DEBUG Horse - Создание Horse, имя [Horse2], скорость [1.0]
2024-11-22 13:29:18,789 [main] DEBUG Horse - Создание Horse, имя [Horse3], скорость [1.0]
2024-11-22 13:29:18,789 [main] DEBUG Hippodrome - Создание Hippodrome, лошадей [3]
2024-11-22 13:29:18,792 [main] ERROR Hippodrome - Horses list is empty
2024-11-22 13:29:18,793 [main] ERROR Hippodrome - Horses list is null
2024-11-22 13:29:19,527 [main] DEBUG Hippodrome - Создание Hippodrome, лошадей [50]
2024-11-22 13:29:20,383 [main] DEBUG Horse - Создание Horse, имя [TestName], скорость [5.0]
2024-11-22 13:29:20,396 [main] ERROR Horse - Distance is negative
2024-11-22 13:29:20,398 [main] ERROR Horse - Name is null
2024-11-22 13:29:20,399 [main] DEBUG Horse - Создание Horse, имя [TestName], скорость [1.0]
2024-11-22 13:29:21,083 [main] DEBUG Horse - Создание Horse, имя [TestName], скорость [2.0]
2024-11-22 13:29:21,089 [main] DEBUG Horse - Создание Horse, имя [TestName], скорость [5.0]
2024-11-22 13:29:21,091 [main] ERROR Horse - Speed is negative
2024-11-22 13:29:21,164 [main] ERROR Horse - Name is blank
2024-11-22 13:29:21,171 [main] ERROR Horse - Name is blank
2024-11-22 13:29:21,174 [main] ERROR Horse - Name is blank
2024-11-22 13:29:21,177 [main] ERROR Horse - Name is blank
2024-11-22 14:13:03,998 [main] DEBUG Horse - Создание Horse, имя [Horse0], скорость [1.0]
2024-11-22 14:13:04,000 [main] DEBUG Horse - Создание Horse, имя [Horse1], скорость [1.0]
2024-11-22 14:13:04,000 [main] DEBUG Horse - Создание Horse, имя [Horse2], скорость [1.0]
2024-11-22 14:13:04,000 [main] DEBUG Horse - Создание Horse, имя [Horse3], скорость [1.0]
2024-11-22 14:13:04,000 [main] DEBUG Horse - Создание Horse, имя [Horse4], скорость [1.0]
2024-11-22 14:13:04,001 [main] DEBUG Horse - Создание Horse, имя [Horse5], скорость [1.0]
2024-11-22 14:13:04,001 [main] DEBUG Horse - Создание Horse, имя [Horse6], скорость [1.0]
2024-11-22 14:13:04,001 [main] DEBUG Horse - Создание Horse, имя [Horse7], скорость [1.0]
2024-11-22 14:13:04,001 [main] DEBUG Horse - Создание Horse, имя [Horse8], скорость [1.0]
2024-11-22 14:13:04,001 [main] DEBUG Horse - Создание Horse, имя [Horse9], скорость [1.0]
2024-11-22 14:13:04,001 [main] DEBUG Horse - Создание Horse, имя [Horse10], скорость [1.0]
2024-11-22 14:13:04,001 [main] DEBUG Horse - Создание Horse, имя [Horse11], скорость [1.0]
2024-11-22 14:13:04,001 [main] DEBUG Horse - Создание Horse, имя [Horse12], скорость [1.0]
2024-11-22 14:13:04,001 [main] DEBUG Horse - Создание Horse, имя [Horse13], скорость [1.0]
2024-11-22 14:13:04,001 [main] DEBUG Horse - Создание Horse, имя [Horse14], скорость [1.0]
2024-11-22 14:13:04,001 [main] DEBUG Horse - Создание Horse, имя [Horse15], скорость [1.0]
2024-11-22 14:13:04,001 [main] DEBUG Horse - Создание Horse, имя [Horse16], скорость [1.0]
2024-11-22 14:13:04,001 [main] DEBUG Horse - Создание Horse, имя [Horse17], скорость [1.0]
2024-11-22 14:13:04,001 [main] DEBUG Horse - Создание Horse, имя [Horse18], скорость [1.0]
2024-11-22 14:13:04,002 [main] DEBUG Horse - Создание Horse, имя [Horse19], скорость [1.0]
2024-11-22 14:13:04,002 [main] DEBUG Horse - Создание Horse, имя [Horse20], скорость [1.0]
2024-11-22 14:13:04,002 [main] DEBUG Horse - Создание Horse, имя [Horse21], скорость [1.0]
2024-11-22 14:13:04,002 [main] DEBUG Horse - Создание Horse, имя [Horse22], скорость [1.0]
2024-11-22 14:13:04,002 [main] DEBUG Horse - Создание Horse, имя [Horse23], скорость [1.0]
2024-11-22 14:13:04,002 [main] DEBUG Horse - Создание Horse, имя [Horse24], скорость [1.0]
2024-11-22 14:13:04,002 [main] DEBUG Horse - Создание Horse, имя [Horse25], скорость [1.0]
2024-11-22 14:13:04,002 [main] DEBUG Horse - Создание Horse, имя [Horse26], скорость [1.0]
2024-11-22 14:13:04,002 [main] DEBUG Horse - Создание Horse, имя [Horse27], скорость [1.0]
2024-11-22 14:13:04,002 [main] DEBUG Horse - Создание Horse, имя [Horse28], скорость [1.0]
2024-11-22 14:13:04,002 [main] DEBUG Horse - Создание Horse, имя [Horse29], скорость [1.0]
2024-11-22 14:13:04,003 [main] DEBUG Hippodrome - Создание Hippodrome, лошадей [30]
2024-11-22 14:13:04,013 [main] DEBUG Horse - Создание Horse, имя [Horse1], скорость [1.0]
2024-11-22 14:13:04,014 [main] DEBUG Horse - Создание Horse, имя [Horse2], скорость [1.0]
2024-11-22 14:13:04,014 [main] DEBUG Horse - Создание Horse, имя [Horse3], скорость [1.0]
2024-11-22 14:13:04,014 [main] DEBUG Hippodrome - Создание Hippodrome, лошадей [3]
2024-11-22 14:13:04,017 [main] ERROR Hippodrome - Horses list is empty
2024-11-22 14:13:04,019 [main] ERROR Hippodrome - Horses list is null
2024-11-22 14:13:04,768 [main] DEBUG Hippodrome - Создание Hippodrome, лошадей [50]
2024-11-22 14:13:05,640 [main] DEBUG Horse - Создание Horse, имя [TestName], скорость [5.0]
2024-11-22 14:13:05,654 [main] ERROR Horse - Distance is negative
2024-11-22 14:13:05,656 [main] ERROR Horse - Name is null
2024-11-22 14:13:05,658 [main] DEBUG Horse - Создание Horse, имя [TestName], скорость [1.0]
2024-11-22 14:13:06,365 [main] DEBUG Horse - Создание Horse, имя [TestName], скорость [2.0]
2024-11-22 14:13:06,372 [main] DEBUG Horse - Создание Horse, имя [TestName], скорость [5.0]
2024-11-22 14:13:06,374 [main] ERROR Horse - Speed is negative
2024-11-22 14:13:06,446 [main] ERROR Horse - Name is blank
2024-11-22 14:13:06,453 [main] ERROR Horse - Name is blank
2024-11-22 14:13:06,456 [main] ERROR Horse - Name is blank
2024-11-22 14:13:06,458 [main] ERROR Horse - Name is blank
